_ _ _ _ _ _ _
_ _ _ _ _ _ _
_ _ _ _ _ _ _
_ _ _ _ _ _ _
_ _ _ _ _ _ _
_ _ _ _ _ _ _
turn 0, Agent(O)
placed at 5 1
_ _ _ _ _ _ _
_ _ _ _ _ _ _
_ _ _ _ _ _ _
_ _ _ _ _ _ _
_ _ _ _ _ _ _
_ O _ _ _ _ _

turn 1, Human(X)
What column do you want to play [X] on? 4
placed at 5 4
_ _ _ _ _ _ _
_ _ _ _ _ _ _
_ _ _ _ _ _ _
_ _ _ _ _ _ _
_ _ _ _ _ _ _
_ O _ _ X _ _

turn 2, Agent(O)
placed at 5 5
_ _ _ _ _ _ _
_ _ _ _ _ _ _
_ _ _ _ _ _ _
_ _ _ _ _ _ _
_ _ _ _ _ _ _
_ O _ _ X O _

turn 3, Human(X)
What column do you want to play [X] on? 1
placed at 4 1
_ _ _ _ _ _ _
_ _ _ _ _ _ _
_ _ _ _ _ _ _
_ _ _ _ _ _ _
_ X _ _ _ _ _
_ O _ _ X O _

turn 4, Agent(O)
placed at 5 0
_ _ _ _ _ _ _
_ _ _ _ _ _ _
_ _ _ _ _ _ _
_ _ _ _ _ _ _
_ X _ _ _ _ _
O O _ _ X O _

turn 5, Human(X)
What column do you want to play [X] on? 0
placed at 4 0
_ _ _ _ _ _ _
_ _ _ _ _ _ _
_ _ _ _ _ _ _
_ _ _ _ _ _ _
X X _ _ _ _ _
O O _ _ X O _

turn 6, Agent(O)
placed at 4 4
_ _ _ _ _ _ _
_ _ _ _ _ _ _
_ _ _ _ _ _ _
_ _ _ _ _ _ _
X X _ _ O _ _
O O _ _ X O _

turn 7, Human(X)
What column do you want to play [X] on? 1
placed at 3 1
_ _ _ _ _ _ _
_ _ _ _ _ _ _
_ _ _ _ _ _ _
_ X _ _ _ _ _
X X _ _ O _ _
O O _ _ X O _

turn 8, Agent(O)
placed at 5 3
_ _ _ _ _ _ _
_ _ _ _ _ _ _
_ _ _ _ _ _ _
_ X _ _ _ _ _
X X _ _ O _ _
O O _ O X O _

turn 9, Human(X)
What column do you want to play [X] on? 3
placed at 4 3
_ _ _ _ _ _ _
_ _ _ _ _ _ _
_ _ _ _ _ _ _
_ X _ _ _ _ _
X X _ X O _ _
O O _ O X O _

turn 10, Agent(O)
placed at 4 5
_ _ _ _ _ _ _
_ _ _ _ _ _ _
_ _ _ _ _ _ _
_ X _ _ _ _ _
X X _ X O O _
O O _ O X O _

turn 11, Human(X)
What column do you want to play [X] on? 6
placed at 5 6
_ _ _ _ _ _ _
_ _ _ _ _ _ _
_ _ _ _ _ _ _
_ X _ _ _ _ _
X X _ X O O _
O O _ O X O X

turn 12, Agent(O)
placed at 3 4
_ _ _ _ _ _ _
_ _ _ _ _ _ _
_ _ _ _ _ _ _
_ X _ _ O _ _
X X _ X O O _
O O _ O X O X

turn 13, Human(X)
What column do you want to play [X] on? 5
placed at 3 5
_ _ _ _ _ _ _
_ _ _ _ _ _ _
_ _ _ _ _ _ _
_ X _ _ O X _
X X _ X O O _
O O _ O X O X

turn 14, Agent(O)
placed at 5 2
_ _ _ _ _ _ _
_ _ _ _ _ _ _
_ _ _ _ _ _ _
_ X _ _ O X _
X X _ X O O _
O O O O X O X
O has won!